0 info it worked if it ends with ok
1 verbose cli [ 'node',
1 verbose cli   '/Users/KotaroHirayama/.nodebrew/current/bin/npm',
1 verbose cli   'start' ]
2 info using npm@2.13.5
3 info using node@v0.12.7
4 verbose node symlink /Users/KotaroHirayama/.nodebrew/current/bin/node
5 verbose run-script [ 'prestart', 'start', 'poststart' ]
6 info prestart hands-on-front-end@0.0.1
7 info start hands-on-front-end@0.0.1
8 verbose unsafe-perm in lifecycle true
9 info hands-on-front-end@0.0.1 Failed to exec start script
10 verbose stack Error: hands-on-front-end@0.0.1 start: `gulp develop`
10 verbose stack Exit status 1
10 verbose stack     at EventEmitter.<anonymous> (/Users/KotaroHirayama/.nodebrew/node/v0.12.7/lib/node_modules/npm/lib/utils/lifecycle.js:214:16)
10 verbose stack     at EventEmitter.emit (events.js:110:17)
10 verbose stack     at ChildProcess.<anonymous> (/Users/KotaroHirayama/.nodebrew/node/v0.12.7/lib/node_modules/npm/lib/utils/spawn.js:24:14)
10 verbose stack     at ChildProcess.emit (events.js:110:17)
10 verbose stack     at maybeClose (child_process.js:1015:16)
10 verbose stack     at Process.ChildProcess._handle.onexit (child_process.js:1087:5)
11 verbose pkgid hands-on-front-end@0.0.1
12 verbose cwd /Users/KotaroHirayama/Work/hanson-front-end
13 error Darwin 14.5.0
14 error argv "node" "/Users/KotaroHirayama/.nodebrew/current/bin/npm" "start"
15 error node v0.12.7
16 error npm  v2.13.5
17 error code ELIFECYCLE
18 error hands-on-front-end@0.0.1 start: `gulp develop`
18 error Exit status 1
19 error Failed at the hands-on-front-end@0.0.1 start script 'gulp develop'.
19 error This is most likely a problem with the hands-on-front-end package,
19 error not with npm itself.
19 error Tell the author that this fails on your system:
19 error     gulp develop
19 error You can get their info via:
19 error     npm owner ls hands-on-front-end
19 error There is likely additional logging output above.
20 verbose exit [ 1, true ]
